<?xml version="1.0" encoding="UTF-8"?>
<!-- Generated by org.testng.reporters.JUnitXMLReporter -->
<testsuite ignored="0" hostname="BaBa-Rasheed" failures="0" tests="4" name="Test" time="84.476" errors="0" timestamp="2022-07-19T20:04:41 PKT">
  <testcase classname="sampleTest.restAPI" name="getApi" time="3.333"/>
  <testcase classname="tGAutomation.tesT2" name="ReCarCheckBox" time="0.237"/>
  <testcase classname="tGAutomation.tesT1" name="getQuotation" time="1.865"/>
  <testcase classname="sampleTest.restgetAPI" name="gettAPI" time="0.55"/>
</testsuite> <!-- Test -->
