<?xml version="1.0" encoding="UTF-8"?>
<testng-results ignored="0" total="4" passed="4" failed="0" skipped="0">
  <reporter-output>
  </reporter-output>
  <suite started-at="2022-07-19T20:03:17 PKT" name="Suite" finished-at="2022-07-19T20:04:41 PKT" duration-ms="84476">
    <groups>
    </groups>
    <test started-at="2022-07-19T20:03:17 PKT" name="Test" finished-at="2022-07-19T20:04:41 PKT" duration-ms="84476">
      <class name="tGAutomation.tesT2">
        <test-method is-config="true" signature="oPenBrowser()[pri:0, instance:tGAutomation.tesT2@8f2ef19]" started-at="2022-07-19T20:03:53 PKT" name="oPenBrowser" finished-at="2022-07-19T20:04:34 PKT" duration-ms="40943" status="PASS">
          <reporter-output>
          </reporter-output>
        </test-method> <!-- oPenBrowser -->
        <test-method signature="ReCarCheckBox()[pri:0, instance:tGAutomation.tesT2@8f2ef19]" started-at="2022-07-19T20:04:38 PKT" name="ReCarCheckBox" finished-at="2022-07-19T20:04:38 PKT" duration-ms="237" status="PASS">
          <reporter-output>
          </reporter-output>
        </test-method> <!-- ReCarCheckBox -->
        <test-method is-config="true" signature="cLoseBrowser()[pri:0, instance:tGAutomation.tesT2@8f2ef19]" started-at="2022-07-19T20:04:41 PKT" name="cLoseBrowser" finished-at="2022-07-19T20:04:41 PKT" duration-ms="42" status="PASS">
          <reporter-output>
          </reporter-output>
        </test-method> <!-- cLoseBrowser -->
      </class> <!-- tGAutomation.tesT2 -->
      <class name="sampleTest.restAPI">
        <test-method signature="getApi()[pri:0, instance:sampleTest.restAPI@537f60bf]" started-at="2022-07-19T20:04:34 PKT" name="getApi" finished-at="2022-07-19T20:04:38 PKT" duration-ms="3333" status="PASS">
          <reporter-output>
          </reporter-output>
        </test-method> <!-- getApi -->
      </class> <!-- sampleTest.restAPI -->
      <class name="tGAutomation.tesT1">
        <test-method is-config="true" signature="oPenBrowser()[pri:0, instance:tGAutomation.tesT1@470734c3]" started-at="2022-07-19T20:03:17 PKT" name="oPenBrowser" finished-at="2022-07-19T20:03:53 PKT" duration-ms="36657" status="PASS">
          <reporter-output>
          </reporter-output>
        </test-method> <!-- oPenBrowser -->
        <test-method signature="getQuotation()[pri:0, instance:tGAutomation.tesT1@470734c3]" started-at="2022-07-19T20:04:38 PKT" name="getQuotation" finished-at="2022-07-19T20:04:40 PKT" duration-ms="1865" status="PASS">
          <reporter-output>
          </reporter-output>
        </test-method> <!-- getQuotation -->
        <test-method is-config="true" signature="cLoseBrowser()[pri:0, instance:tGAutomation.tesT1@470734c3]" started-at="2022-07-19T20:04:40 PKT" name="cLoseBrowser" finished-at="2022-07-19T20:04:41 PKT" duration-ms="781" status="PASS">
          <reporter-output>
          </reporter-output>
        </test-method> <!-- cLoseBrowser -->
      </class> <!-- tGAutomation.tesT1 -->
      <class name="sampleTest.restgetAPI">
        <test-method signature="gettAPI()[pri:0, instance:sampleTest.restgetAPI@2cf3d63b]" started-at="2022-07-19T20:04:40 PKT" name="gettAPI" finished-at="2022-07-19T20:04:40 PKT" duration-ms="550" status="PASS">
          <reporter-output>
          </reporter-output>
        </test-method> <!-- gettAPI -->
      </class> <!-- sampleTest.restgetAPI -->
    </test> <!-- Test -->
  </suite> <!-- Suite -->
</testng-results>
